[debug] [2024-11-23T01:46:28.699Z] ----------------------------------------------------------------------
[debug] [2024-11-23T01:46:28.701Z] Command:       /usr/local/bin/firebase /Users/a1234/.cache/firebase/tools/lib/node_modules/firebase-tools/lib/bin/firebase emulators:start
[debug] [2024-11-23T01:46:28.702Z] CLI Version:   13.27.0
[debug] [2024-11-23T01:46:28.702Z] Platform:      darwin
[debug] [2024-11-23T01:46:28.702Z] Node Version:  v18.5.0
[debug] [2024-11-23T01:46:28.704Z] Time:          Sat Nov 23 2024 08:46:28 GMT+0700 (Western Indonesia Time)
[debug] [2024-11-23T01:46:28.704Z] ----------------------------------------------------------------------
[debug] 
[debug] [2024-11-23T01:46:28.858Z] > command requires scopes: ["email","openid","https://www.googleapis.com/auth/cloudplatformprojects.readonly","https://www.googleapis.com/auth/firebase","https://www.googleapis.com/auth/cloud-platform"]
[debug] [2024-11-23T01:46:28.859Z] > authorizing via signed-in user (yasamaulana1@gmail.com)
[debug] [2024-11-23T01:46:28.945Z] java version "23.0.1" 2024-10-15
Java(TM) SE Runtime Environment (build 23.0.1+11-39)

[debug] [2024-11-23T01:46:28.948Z] Java HotSpot(TM) 64-Bit Server VM (build 23.0.1+11-39, mixed mode, sharing)

[debug] [2024-11-23T01:46:28.949Z] Parsed Java major version: 23
[info] i  emulators: Starting emulators: auth, functions, firestore, database, storage, extensions {"metadata":{"emulator":{"name":"hub"},"message":"Starting emulators: auth, functions, firestore, database, storage, extensions"}}
[debug] [2024-11-23T01:46:28.955Z] Checked if tokens are valid: true, expires at: 1732328319336
[debug] [2024-11-23T01:46:28.956Z] Checked if tokens are valid: true, expires at: 1732328319336
[debug] [2024-11-23T01:46:28.958Z] >>> [apiv2][query] GET https://cloudresourcemanager.googleapis.com/v1/projects/monorepo-48823 [none]
[debug] [2024-11-23T01:46:30.609Z] <<< [apiv2][status] GET https://cloudresourcemanager.googleapis.com/v1/projects/monorepo-48823 200
[debug] [2024-11-23T01:46:30.612Z] <<< [apiv2][body] GET https://cloudresourcemanager.googleapis.com/v1/projects/monorepo-48823 {"projectNumber":"283398568884","projectId":"monorepo-48823","lifecycleState":"ACTIVE","name":"monorepo","labels":{"firebase":"enabled"},"createTime":"2024-11-23T01:23:07.052313Z"}
[debug] [2024-11-23T01:46:31.910Z] [logging] Logging Emulator only supports listening on one address (127.0.0.1). Not listening on ::1
[debug] [2024-11-23T01:46:31.911Z] [auth] Authentication Emulator only supports listening on one address (127.0.0.1). Not listening on ::1
[debug] [2024-11-23T01:46:31.911Z] [firestore] Firestore Emulator only supports listening on one address (127.0.0.1). Not listening on ::1
[debug] [2024-11-23T01:46:31.911Z] [database] Database Emulator only supports listening on one address (127.0.0.1). Not listening on ::1
[debug] [2024-11-23T01:46:31.911Z] [storage] Storage Emulator only supports listening on one address (127.0.0.1). Not listening on ::1
[debug] [2024-11-23T01:46:31.911Z] [firestore.websocket] websocket server for firestore only supports listening on one address (127.0.0.1). Not listening on ::1
[debug] [2024-11-23T01:46:31.911Z] assigned listening specs for emulators {"user":{"hub":[{"address":"127.0.0.1","family":"IPv4","port":4400},{"address":"::1","family":"IPv6","port":4400}],"ui":[{"address":"127.0.0.1","family":"IPv4","port":4000},{"address":"::1","family":"IPv6","port":4000}],"logging":[{"address":"127.0.0.1","family":"IPv4","port":4500}],"auth":[{"address":"127.0.0.1","family":"IPv4","port":9099}],"firestore":[{"address":"127.0.0.1","family":"IPv4","port":8030}],"database":[{"address":"127.0.0.1","family":"IPv4","port":9010}],"storage":[{"address":"127.0.0.1","family":"IPv4","port":9199}],"firestore.websocket":[{"address":"127.0.0.1","family":"IPv4","port":9155}]},"metadata":{"message":"assigned listening specs for emulators"}}
[debug] [2024-11-23T01:46:31.919Z] [hub] writing locator at /var/folders/0s/drk_1fw17sn5xmt21rbd8y2c0000gn/T/hub-monorepo-48823.json
[debug] [2024-11-23T01:46:31.928Z] [Extensions] Started Extensions emulator, this is a noop.
[debug] [2024-11-23T01:46:32.280Z] [functions] Functions Emulator only supports listening on one address (127.0.0.1). Not listening on ::1
[debug] [2024-11-23T01:46:32.281Z] [eventarc] Eventarc Emulator only supports listening on one address (127.0.0.1). Not listening on ::1
[debug] [2024-11-23T01:46:32.281Z] [tasks] Cloud Tasks Emulator only supports listening on one address (127.0.0.1). Not listening on ::1
[debug] [2024-11-23T01:46:32.281Z] late-assigned ports for functions and eventarc emulators {"user":{"hub":[{"address":"127.0.0.1","family":"IPv4","port":4400},{"address":"::1","family":"IPv6","port":4400}],"ui":[{"address":"127.0.0.1","family":"IPv4","port":4000},{"address":"::1","family":"IPv6","port":4000}],"logging":[{"address":"127.0.0.1","family":"IPv4","port":4500}],"auth":[{"address":"127.0.0.1","family":"IPv4","port":9099}],"firestore":[{"address":"127.0.0.1","family":"IPv4","port":8030}],"database":[{"address":"127.0.0.1","family":"IPv4","port":9010}],"storage":[{"address":"127.0.0.1","family":"IPv4","port":9199}],"firestore.websocket":[{"address":"127.0.0.1","family":"IPv4","port":9155}],"functions":[{"address":"127.0.0.1","family":"IPv4","port":5001}],"eventarc":[{"address":"127.0.0.1","family":"IPv4","port":9299}],"tasks":[{"address":"127.0.0.1","family":"IPv4","port":9499}]},"metadata":{"message":"late-assigned ports for functions and eventarc emulators"}}
[warn] ⚠  functions: The following emulators are not running, calls to these services from the Functions emulator will affect production: apphosting, hosting, pubsub, dataconnect {"metadata":{"emulator":{"name":"functions"},"message":"The following emulators are not running, calls to these services from the Functions emulator will affect production: \u001b[1mapphosting, hosting, pubsub, dataconnect\u001b[22m"}}
[debug] [2024-11-23T01:46:32.287Z] defaultcredentials: writing to file /Users/a1234/.config/firebase/yasamaulana1_gmail_com_application_default_credentials.json
[debug] [2024-11-23T01:46:32.293Z] Setting GAC to /Users/a1234/.config/firebase/yasamaulana1_gmail_com_application_default_credentials.json {"metadata":{"emulator":{"name":"functions"},"message":"Setting GAC to /Users/a1234/.config/firebase/yasamaulana1_gmail_com_application_default_credentials.json"}}
[debug] [2024-11-23T01:46:32.294Z] Checked if tokens are valid: true, expires at: 1732328319336
[debug] [2024-11-23T01:46:32.294Z] Checked if tokens are valid: true, expires at: 1732328319336
[debug] [2024-11-23T01:46:32.294Z] >>> [apiv2][query] GET https://firebase.googleapis.com/v1beta1/projects/monorepo-48823/adminSdkConfig [none]
[debug] [2024-11-23T01:46:33.181Z] <<< [apiv2][status] GET https://firebase.googleapis.com/v1beta1/projects/monorepo-48823/adminSdkConfig 200
[debug] [2024-11-23T01:46:33.182Z] <<< [apiv2][body] GET https://firebase.googleapis.com/v1beta1/projects/monorepo-48823/adminSdkConfig {"projectId":"monorepo-48823","storageBucket":"monorepo-48823.firebasestorage.app"}
[warn] ⚠  firestore: Cloud Firestore Emulator does not support multiple databases yet. {"metadata":{"emulator":{"name":"firestore"},"message":"Cloud Firestore Emulator does not support multiple databases yet."}}
[warn] ⚠  firestore: Did not find a Cloud Firestore rules file specified in a firebase.json config file. {"metadata":{"emulator":{"name":"firestore"},"message":"Did not find a Cloud Firestore rules file specified in a firebase.json config file."}}
[warn] ⚠  firestore: The emulator will default to allowing all reads and writes. Learn more about this option: https://firebase.google.com/docs/emulator-suite/install_and_configure#security_rules_configuration. {"metadata":{"emulator":{"name":"firestore"},"message":"The emulator will default to allowing all reads and writes. Learn more about this option: https://firebase.google.com/docs/emulator-suite/install_and_configure#security_rules_configuration."}}
[debug] [2024-11-23T01:46:33.240Z] Ignoring unsupported arg: auto_download {"metadata":{"emulator":{"name":"firestore"},"message":"Ignoring unsupported arg: auto_download"}}
[debug] [2024-11-23T01:46:33.240Z] Ignoring unsupported arg: single_project_mode_error {"metadata":{"emulator":{"name":"firestore"},"message":"Ignoring unsupported arg: single_project_mode_error"}}
[debug] [2024-11-23T01:46:33.240Z] Starting Firestore Emulator with command {"binary":"java","args":["-Dgoogle.cloud_firestore.debug_log_level=FINE","-Duser.language=en","-jar","/Users/a1234/.cache/firebase/emulators/cloud-firestore-emulator-v1.19.8.jar","--host","127.0.0.1","--port",8030,"--websocket_port",9155,"--project_id","monorepo-48823","--single_project_mode",true,"--functions_emulator","127.0.0.1:5001"],"optionalArgs":["port","webchannel_port","host","rules","websocket_port","functions_emulator","seed_from_export","project_id","single_project_mode"],"joinArgs":false,"shell":false,"port":8030} {"metadata":{"emulator":{"name":"firestore"},"message":"Starting Firestore Emulator with command {\"binary\":\"java\",\"args\":[\"-Dgoogle.cloud_firestore.debug_log_level=FINE\",\"-Duser.language=en\",\"-jar\",\"/Users/a1234/.cache/firebase/emulators/cloud-firestore-emulator-v1.19.8.jar\",\"--host\",\"127.0.0.1\",\"--port\",8030,\"--websocket_port\",9155,\"--project_id\",\"monorepo-48823\",\"--single_project_mode\",true,\"--functions_emulator\",\"127.0.0.1:5001\"],\"optionalArgs\":[\"port\",\"webchannel_port\",\"host\",\"rules\",\"websocket_port\",\"functions_emulator\",\"seed_from_export\",\"project_id\",\"single_project_mode\"],\"joinArgs\":false,\"shell\":false,\"port\":8030}"}}
[info] i  firestore: Firestore Emulator logging to firestore-debug.log {"metadata":{"emulator":{"name":"firestore"},"message":"Firestore Emulator logging to \u001b[1mfirestore-debug.log\u001b[22m"}}
[debug] [2024-11-23T01:46:33.936Z] Nov 23, 2024 8:46:33 AM com.google.cloud.datastore.emulator.firestore.websocket.WebSocketServer start
INFO: Started WebSocket server on ws://127.0.0.1:9155
 {"metadata":{"emulator":{"name":"firestore"},"message":"Nov 23, 2024 8:46:33 AM com.google.cloud.datastore.emulator.firestore.websocket.WebSocketServer start\nINFO: Started WebSocket server on ws://127.0.0.1:9155\n"}}
[debug] [2024-11-23T01:46:33.949Z] API endpoint: http:// {"metadata":{"emulator":{"name":"firestore"},"message":"API endpoint: http://"}}
[debug] [2024-11-23T01:46:33.950Z] 127.0.0.1:8030
If you are using a library that supports the FIRESTORE_EMULATOR_HOST environment variable, run:

   export FIRESTORE_EMULATOR_HOST=127.0.0.1:8030

If you are running a Firestore in Datastore Mode project, run:

   export DATASTORE_EMULATOR_HOST=127.0.0.1:8030

Note: Support for Datastore Mode is in preview. If you encounter any bugs please file at https://github.com/firebase/firebase-tools/issues.
Dev App Server is now running.

 {"metadata":{"emulator":{"name":"firestore"},"message":"127.0.0.1:8030\nIf you are using a library that supports the FIRESTORE_EMULATOR_HOST environment variable, run:\n\n   export FIRESTORE_EMULATOR_HOST=127.0.0.1:8030\n\nIf you are running a Firestore in Datastore Mode project, run:\n\n   export DATASTORE_EMULATOR_HOST=127.0.0.1:8030\n\nNote: Support for Datastore Mode is in preview. If you encounter any bugs please file at https://github.com/firebase/firebase-tools/issues.\nDev App Server is now running.\n\n"}}
[info] ✔  firestore: Firestore Emulator UI websocket is running on 9155. {"metadata":{"emulator":{"name":"firestore"},"message":"Firestore Emulator UI websocket is running on 9155."}}
[debug] [2024-11-23T01:46:34.082Z] Checked if tokens are valid: true, expires at: 1732328319336
[debug] [2024-11-23T01:46:34.083Z] Checked if tokens are valid: true, expires at: 1732328319336
[debug] [2024-11-23T01:46:34.084Z] >>> [apiv2][query] GET https://firebase.googleapis.com/v1beta1/projects/monorepo-48823 [none]
[debug] [2024-11-23T01:46:36.104Z] <<< [apiv2][status] GET https://firebase.googleapis.com/v1beta1/projects/monorepo-48823 200
[debug] [2024-11-23T01:46:36.104Z] <<< [apiv2][body] GET https://firebase.googleapis.com/v1beta1/projects/monorepo-48823 {"projectId":"monorepo-48823","projectNumber":"283398568884","displayName":"monorepo","name":"projects/monorepo-48823","resources":{"hostingSite":"monorepo-48823"},"state":"ACTIVE","etag":"1_a4d4167b-558e-4b07-89f6-9cf00387facc"}
[debug] [2024-11-23T01:46:36.105Z] database rules config:  []
[warn] ⚠  database: Did not find a Realtime Database rules file specified in a firebase.json config file. The emulator will default to allowing all reads and writes. Learn more about this option: https://firebase.google.com/docs/emulator-suite/install_and_configure#security_rules_configuration. {"metadata":{"emulator":{"name":"database"},"message":"Did not find a Realtime Database rules file specified in a firebase.json config file. The emulator will default to allowing all reads and writes. Learn more about this option: https://firebase.google.com/docs/emulator-suite/install_and_configure#security_rules_configuration."}}
[debug] [2024-11-23T01:46:36.117Z] Ignoring unsupported arg: projectId {"metadata":{"emulator":{"name":"database"},"message":"Ignoring unsupported arg: projectId"}}
[debug] [2024-11-23T01:46:36.118Z] Ignoring unsupported arg: auto_download {"metadata":{"emulator":{"name":"database"},"message":"Ignoring unsupported arg: auto_download"}}
[debug] [2024-11-23T01:46:36.118Z] Ignoring unsupported arg: rules {"metadata":{"emulator":{"name":"database"},"message":"Ignoring unsupported arg: rules"}}
[debug] [2024-11-23T01:46:36.118Z] Starting Database Emulator with command {"binary":"java","args":["-Duser.language=en","-jar","/Users/a1234/.cache/firebase/emulators/firebase-database-emulator-v4.11.2.jar","--host","127.0.0.1","--port",9010,"--single_project_mode","Warning","--functions_emulator_host","127.0.0.1","--functions_emulator_port",5001],"optionalArgs":["port","host","functions_emulator_port","functions_emulator_host","single_project_mode"],"joinArgs":false,"shell":false,"port":9010} {"metadata":{"emulator":{"name":"database"},"message":"Starting Database Emulator with command {\"binary\":\"java\",\"args\":[\"-Duser.language=en\",\"-jar\",\"/Users/a1234/.cache/firebase/emulators/firebase-database-emulator-v4.11.2.jar\",\"--host\",\"127.0.0.1\",\"--port\",9010,\"--single_project_mode\",\"Warning\",\"--functions_emulator_host\",\"127.0.0.1\",\"--functions_emulator_port\",5001],\"optionalArgs\":[\"port\",\"host\",\"functions_emulator_port\",\"functions_emulator_host\",\"single_project_mode\"],\"joinArgs\":false,\"shell\":false,\"port\":9010}"}}
[info] i  database: Database Emulator logging to database-debug.log {"metadata":{"emulator":{"name":"database"},"message":"Database Emulator logging to \u001b[1mdatabase-debug.log\u001b[22m"}}
[debug] [2024-11-23T01:46:36.796Z] 08:46:36.795 [NamespaceSystem-akka.actor.default-dispatcher-4] INFO akka.event.slf4j.Slf4jLogger - Slf4jLogger started
 {"metadata":{"emulator":{"name":"database"},"message":"08:46:36.795 [NamespaceSystem-akka.actor.default-dispatcher-4] INFO akka.event.slf4j.Slf4jLogger - Slf4jLogger started\n"}}
[debug] [2024-11-23T01:46:36.886Z] 08:46:36.886 [main] INFO com.firebase.server.forge.App$ - Listening at 127.0.0.1:9010
 {"metadata":{"emulator":{"name":"database"},"message":"08:46:36.886 [main] INFO com.firebase.server.forge.App$ - Listening at 127.0.0.1:9010\n"}}
[debug] [2024-11-23T01:46:42.504Z] Ignoring unsupported arg: port {"metadata":{"emulator":{"name":"storage"},"message":"Ignoring unsupported arg: port"}}
[debug] [2024-11-23T01:46:43.034Z] Temp file directory for storage emulator: /var/folders/0s/drk_1fw17sn5xmt21rbd8y2c0000gn/T/firebase/storage/blobs {"metadata":{"emulator":{"name":"storage"},"message":"Temp file directory for storage emulator: /var/folders/0s/drk_1fw17sn5xmt21rbd8y2c0000gn/T/firebase/storage/blobs"}}
[debug] [2024-11-23T01:46:43.061Z] [Extensions] Connecting Extensions emulator, this is a noop.
[info] i  functions: Watching "/Users/a1234/Documents/website/interview/interview/functions" for Cloud Functions... {"metadata":{"emulator":{"name":"functions"},"message":"Watching \"/Users/a1234/Documents/website/interview/interview/functions\" for Cloud Functions..."}}
[debug] [2024-11-23T01:46:43.070Z] Validating nodejs source
[warn] ⚠  functions: Couldn't find firebase-functions package in your source code. Have you run 'npm install'? 
[debug] [2024-11-23T01:46:43.074Z] getFunctionsSDKVersion encountered error: Cannot find module 'firebase-functions'
Require stack:
- /Users/a1234/.cache/firebase/tools/lib/node_modules/firebase-tools/lib/deploy/functions/runtimes/node/versioning.js
- /Users/a1234/.cache/firebase/tools/lib/node_modules/firebase-tools/lib/deploy/functions/runtimes/node/index.js
- /Users/a1234/.cache/firebase/tools/lib/node_modules/firebase-tools/lib/deploy/functions/runtimes/index.js
- /Users/a1234/.cache/firebase/tools/lib/node_modules/firebase-tools/lib/deploy/functions/prepare.js
- /Users/a1234/.cache/firebase/tools/lib/node_modules/firebase-tools/lib/emulator/functionsEmulatorShared.js
- /Users/a1234/.cache/firebase/tools/lib/node_modules/firebase-tools/lib/emulator/functionsEmulator.js
- /Users/a1234/.cache/firebase/tools/lib/node_modules/firebase-tools/lib/emulator/controller.js
- /Users/a1234/.cache/firebase/tools/lib/node_modules/firebase-tools/lib/emulator/commandUtils.js
- /Users/a1234/.cache/firebase/tools/lib/node_modules/firebase-tools/lib/commands/database-get.js
- /Users/a1234/.cache/firebase/tools/lib/node_modules/firebase-tools/lib/commands/index.js
- /Users/a1234/.cache/firebase/tools/lib/node_modules/firebase-tools/lib/index.js
- /Users/a1234/.cache/firebase/tools/lib/node_modules/firebase-tools/lib/bin/firebase.js {"code":"MODULE_NOT_FOUND","requireStack":["/Users/a1234/.cache/firebase/tools/lib/node_modules/firebase-tools/lib/deploy/functions/runtimes/node/versioning.js","/Users/a1234/.cache/firebase/tools/lib/node_modules/firebase-tools/lib/deploy/functions/runtimes/node/index.js","/Users/a1234/.cache/firebase/tools/lib/node_modules/firebase-tools/lib/deploy/functions/runtimes/index.js","/Users/a1234/.cache/firebase/tools/lib/node_modules/firebase-tools/lib/deploy/functions/prepare.js","/Users/a1234/.cache/firebase/tools/lib/node_modules/firebase-tools/lib/emulator/functionsEmulatorShared.js","/Users/a1234/.cache/firebase/tools/lib/node_modules/firebase-tools/lib/emulator/functionsEmulator.js","/Users/a1234/.cache/firebase/tools/lib/node_modules/firebase-tools/lib/emulator/controller.js","/Users/a1234/.cache/firebase/tools/lib/node_modules/firebase-tools/lib/emulator/commandUtils.js","/Users/a1234/.cache/firebase/tools/lib/node_modules/firebase-tools/lib/commands/database-get.js","/Users/a1234/.cache/firebase/tools/lib/node_modules/firebase-tools/lib/commands/index.js","/Users/a1234/.cache/firebase/tools/lib/node_modules/firebase-tools/lib/index.js","/Users/a1234/.cache/firebase/tools/lib/node_modules/firebase-tools/lib/bin/firebase.js"]}
[debug] [2024-11-23T01:46:43.075Z] checkFunctionsSDKVersion encountered error: Invalid Version:  {}
[debug] [2024-11-23T01:46:43.075Z] > [functions] package.json contents: {
  "name": "functions",
  "scripts": {
    "lint": "eslint --ext .js,.ts .",
    "build": "tsc",
    "build:watch": "tsc --watch",
    "serve": "npm run build && firebase emulators:start --only functions",
    "shell": "npm run build && firebase functions:shell",
    "start": "npm run shell",
    "deploy": "firebase deploy --only functions",
    "logs": "firebase functions:log"
  },
  "engines": {
    "node": "18"
  },
  "main": "lib/index.js",
  "dependencies": {
    "firebase-admin": "^12.6.0",
    "firebase-functions": "^6.0.1"
  },
  "devDependencies": {
    "@typescript-eslint/eslint-plugin": "^5.12.0",
    "@typescript-eslint/parser": "^5.12.0",
    "eslint": "^8.9.0",
    "eslint-config-google": "^0.14.0",
    "eslint-plugin-import": "^2.25.4",
    "firebase-functions-test": "^3.1.0",
    "typescript": "^4.9.0"
  },
  "private": true
}
[error] ⬢  functions: Failed to load function definition from source: FirebaseError: There was an error reading functions/package.json:

 functions/lib/index.js does not exist, can't deploy Cloud Functions {"metadata":{"emulator":{"name":"functions"},"message":"Failed to load function definition from source: FirebaseError: There was an error reading functions/package.json:\n\n functions/lib/index.js does not exist, can't deploy Cloud Functions"}}
[debug] [2024-11-23T01:46:43.084Z] Could not find VSCode notification endpoint: FetchError: request to http://localhost:40001/vscode/notify failed, reason: connect ECONNREFUSED ::1:40001. If you are not running the Firebase Data Connect VSCode extension, this is expected and not an issue.
[info] 
┌─────────────────────────────────────────────────────────────┐
│ ✔  All emulators ready! It is now safe to connect your app. │
│ i  View Emulator UI at http://127.0.0.1:4000/               │
└─────────────────────────────────────────────────────────────┘

┌────────────────┬────────────────┬──────────────────────────────────┐
│ Emulator       │ Host:Port      │ View in Emulator UI              │
├────────────────┼────────────────┼──────────────────────────────────┤
│ Authentication │ 127.0.0.1:9099 │ http://127.0.0.1:4000/auth       │
├────────────────┼────────────────┼──────────────────────────────────┤
│ Functions      │ 127.0.0.1:5001 │ http://127.0.0.1:4000/functions  │
├────────────────┼────────────────┼──────────────────────────────────┤
│ Firestore      │ 127.0.0.1:8030 │ http://127.0.0.1:4000/firestore  │
├────────────────┼────────────────┼──────────────────────────────────┤
│ Database       │ 127.0.0.1:9010 │ http://127.0.0.1:4000/database   │
├────────────────┼────────────────┼──────────────────────────────────┤
│ Storage        │ 127.0.0.1:9199 │ http://127.0.0.1:4000/storage    │
├────────────────┼────────────────┼──────────────────────────────────┤
│ Extensions     │ 127.0.0.1:5001 │ http://127.0.0.1:4000/extensions │
└────────────────┴────────────────┴──────────────────────────────────┘
  Emulator Hub running at 127.0.0.1:4400
  Other reserved ports: 4500, 9155
┌─────────────────────────┬───────────────┬─────────────────────┐
│ Extension Instance Name │ Extension Ref │ View in Emulator UI │
└─────────────────────────┴───────────────┴─────────────────────┘
Issues? Report them at https://github.com/firebase/firebase-tools/issues and attach the *-debug.log files.
 
[debug] [2024-11-23T01:47:24.791Z] Nov 23, 2024 8:47:24 AM com.google.cloud.datastore.emulator.firestore.websocket.WebSocketChannelHandler initChannel
INFO: Connected to new websocket client
 {"metadata":{"emulator":{"name":"firestore"},"message":"Nov 23, 2024 8:47:24 AM com.google.cloud.datastore.emulator.firestore.websocket.WebSocketChannelHandler initChannel\nINFO: Connected to new websocket client\n"}}
[debug] [2024-11-23T01:47:24.802Z] Nov 23, 2024 8:47:24 AM io.gapi.emulators.netty.HttpVersionRoutingHandler channelRead
INFO: Detected non-HTTP/2 connection.
 {"metadata":{"emulator":{"name":"firestore"},"message":"Nov 23, 2024 8:47:24 AM io.gapi.emulators.netty.HttpVersionRoutingHandler channelRead\nINFO: Detected non-HTTP/2 connection.\n"}}
[debug] [2024-11-23T01:47:25.055Z] Nov 23, 2024 8:47:25 AM io.gapi.emulators.netty.HttpVersionRoutingHandler channelRead
INFO: Detected HTTP/2 connection.
 {"metadata":{"emulator":{"name":"firestore"},"message":"Nov 23, 2024 8:47:25 AM io.gapi.emulators.netty.HttpVersionRoutingHandler channelRead\nINFO: Detected HTTP/2 connection.\n"}}
[debug] [2024-11-23T01:48:44.994Z] Nov 23, 2024 8:48:44 AM io.gapi.emulators.netty.HttpVersionRoutingHandler channelRead
INFO: Detected non-HTTP/2 connection.
 {"metadata":{"emulator":{"name":"firestore"},"message":"Nov 23, 2024 8:48:44 AM io.gapi.emulators.netty.HttpVersionRoutingHandler channelRead\nINFO: Detected non-HTTP/2 connection.\n"}}
[debug] [2024-11-23T01:48:55.021Z] Nov 23, 2024 8:48:55 AM io.gapi.emulators.netty.HttpVersionRoutingHandler channelRead
INFO: Detected non-HTTP/2 connection.
 {"metadata":{"emulator":{"name":"firestore"},"message":"Nov 23, 2024 8:48:55 AM io.gapi.emulators.netty.HttpVersionRoutingHandler channelRead\nINFO: Detected non-HTTP/2 connection.\n"}}
[debug] [2024-11-23T01:49:05.047Z] Nov 23, 2024 8:49:05 AM io.gapi.emulators.netty.HttpVersionRoutingHandler channelRead
INFO: Detected non-HTTP/2 connection.
 {"metadata":{"emulator":{"name":"firestore"},"message":"Nov 23, 2024 8:49:05 AM io.gapi.emulators.netty.HttpVersionRoutingHandler channelRead\nINFO: Detected non-HTTP/2 connection.\n"}}
[debug] [2024-11-23T01:49:15.069Z] Nov 23, 2024 8:49:15 AM io.gapi.emulators.netty.HttpVersionRoutingHandler channelRead
INFO: Detected non-HTTP/2 connection.
 {"metadata":{"emulator":{"name":"firestore"},"message":"Nov 23, 2024 8:49:15 AM io.gapi.emulators.netty.HttpVersionRoutingHandler channelRead\nINFO: Detected non-HTTP/2 connection.\n"}}
[debug] [2024-11-23T01:49:25.093Z] Nov 23, 2024 8:49:25 AM io.gapi.emulators.netty.HttpVersionRoutingHandler channelRead
INFO: Detected non-HTTP/2 connection.
 {"metadata":{"emulator":{"name":"firestore"},"message":"Nov 23, 2024 8:49:25 AM io.gapi.emulators.netty.HttpVersionRoutingHandler channelRead\nINFO: Detected non-HTTP/2 connection.\n"}}
[debug] [2024-11-23T01:49:35.114Z] Nov 23, 2024 8:49:35 AM io.gapi.emulators.netty.HttpVersionRoutingHandler channelRead
INFO: Detected non-HTTP/2 connection.
 {"metadata":{"emulator":{"name":"firestore"},"message":"Nov 23, 2024 8:49:35 AM io.gapi.emulators.netty.HttpVersionRoutingHandler channelRead\nINFO: Detected non-HTTP/2 connection.\n"}}
[debug] [2024-11-23T01:49:45.136Z] Nov 23, 2024 8:49:45 AM io.gapi.emulators.netty.HttpVersionRoutingHandler channelRead
INFO: Detected non-HTTP/2 connection.
 {"metadata":{"emulator":{"name":"firestore"},"message":"Nov 23, 2024 8:49:45 AM io.gapi.emulators.netty.HttpVersionRoutingHandler channelRead\nINFO: Detected non-HTTP/2 connection.\n"}}
[debug] [2024-11-23T01:49:55.160Z] Nov 23, 2024 8:49:55 AM io.gapi.emulators.netty.HttpVersionRoutingHandler channelRead
INFO: Detected non-HTTP/2 connection.
 {"metadata":{"emulator":{"name":"firestore"},"message":"Nov 23, 2024 8:49:55 AM io.gapi.emulators.netty.HttpVersionRoutingHandler channelRead\nINFO: Detected non-HTTP/2 connection.\n"}}
[debug] [2024-11-23T01:50:05.183Z] Nov 23, 2024 8:50:05 AM io.gapi.emulators.netty.HttpVersionRoutingHandler channelRead
INFO: Detected non-HTTP/2 connection.
 {"metadata":{"emulator":{"name":"firestore"},"message":"Nov 23, 2024 8:50:05 AM io.gapi.emulators.netty.HttpVersionRoutingHandler channelRead\nINFO: Detected non-HTTP/2 connection.\n"}}
[debug] [2024-11-23T01:50:15.205Z] Nov 23, 2024 8:50:15 AM io.gapi.emulators.netty.HttpVersionRoutingHandler channelRead
INFO: Detected non-HTTP/2 connection.
 {"metadata":{"emulator":{"name":"firestore"},"message":"Nov 23, 2024 8:50:15 AM io.gapi.emulators.netty.HttpVersionRoutingHandler channelRead\nINFO: Detected non-HTTP/2 connection.\n"}}
[debug] [2024-11-23T01:50:25.227Z] Nov 23, 2024 8:50:25 AM io.gapi.emulators.netty.HttpVersionRoutingHandler channelRead
INFO: Detected non-HTTP/2 connection.
 {"metadata":{"emulator":{"name":"firestore"},"message":"Nov 23, 2024 8:50:25 AM io.gapi.emulators.netty.HttpVersionRoutingHandler channelRead\nINFO: Detected non-HTTP/2 connection.\n"}}
[debug] [2024-11-23T01:50:35.247Z] Nov 23, 2024 8:50:35 AM io.gapi.emulators.netty.HttpVersionRoutingHandler channelRead
INFO: Detected non-HTTP/2 connection.
 {"metadata":{"emulator":{"name":"firestore"},"message":"Nov 23, 2024 8:50:35 AM io.gapi.emulators.netty.HttpVersionRoutingHandler channelRead\nINFO: Detected non-HTTP/2 connection.\n"}}
[debug] [2024-11-23T01:50:45.268Z] Nov 23, 2024 8:50:45 AM io.gapi.emulators.netty.HttpVersionRoutingHandler channelRead
INFO: Detected non-HTTP/2 connection.
 {"metadata":{"emulator":{"name":"firestore"},"message":"Nov 23, 2024 8:50:45 AM io.gapi.emulators.netty.HttpVersionRoutingHandler channelRead\nINFO: Detected non-HTTP/2 connection.\n"}}
[debug] [2024-11-23T01:50:55.288Z] Nov 23, 2024 8:50:55 AM io.gapi.emulators.netty.HttpVersionRoutingHandler channelRead
INFO: Detected non-HTTP/2 connection.
 {"metadata":{"emulator":{"name":"firestore"},"message":"Nov 23, 2024 8:50:55 AM io.gapi.emulators.netty.HttpVersionRoutingHandler channelRead\nINFO: Detected non-HTTP/2 connection.\n"}}
[debug] [2024-11-23T01:51:05.309Z] Nov 23, 2024 8:51:05 AM io.gapi.emulators.netty.HttpVersionRoutingHandler channelRead
INFO: Detected non-HTTP/2 connection.
 {"metadata":{"emulator":{"name":"firestore"},"message":"Nov 23, 2024 8:51:05 AM io.gapi.emulators.netty.HttpVersionRoutingHandler channelRead\nINFO: Detected non-HTTP/2 connection.\n"}}
[debug] [2024-11-23T01:51:15.330Z] Nov 23, 2024 8:51:15 AM io.gapi.emulators.netty.HttpVersionRoutingHandler channelRead
INFO: Detected non-HTTP/2 connection.
 {"metadata":{"emulator":{"name":"firestore"},"message":"Nov 23, 2024 8:51:15 AM io.gapi.emulators.netty.HttpVersionRoutingHandler channelRead\nINFO: Detected non-HTTP/2 connection.\n"}}
[debug] [2024-11-23T01:51:25.350Z] Nov 23, 2024 8:51:25 AM io.gapi.emulators.netty.HttpVersionRoutingHandler channelRead
INFO: Detected non-HTTP/2 connection.
 {"metadata":{"emulator":{"name":"firestore"},"message":"Nov 23, 2024 8:51:25 AM io.gapi.emulators.netty.HttpVersionRoutingHandler channelRead\nINFO: Detected non-HTTP/2 connection.\n"}}
[debug] [2024-11-23T01:51:35.366Z] Nov 23, 2024 8:51:35 AM io.gapi.emulators.netty.HttpVersionRoutingHandler channelRead
INFO: Detected non-HTTP/2 connection.
 {"metadata":{"emulator":{"name":"firestore"},"message":"Nov 23, 2024 8:51:35 AM io.gapi.emulators.netty.HttpVersionRoutingHandler channelRead\nINFO: Detected non-HTTP/2 connection.\n"}}
[debug] [2024-11-23T01:51:45.384Z] Nov 23, 2024 8:51:45 AM io.gapi.emulators.netty.HttpVersionRoutingHandler channelRead
INFO: Detected non-HTTP/2 connection.
 {"metadata":{"emulator":{"name":"firestore"},"message":"Nov 23, 2024 8:51:45 AM io.gapi.emulators.netty.HttpVersionRoutingHandler channelRead\nINFO: Detected non-HTTP/2 connection.\n"}}
[debug] [2024-11-23T01:51:55.404Z] Nov 23, 2024 8:51:55 AM io.gapi.emulators.netty.HttpVersionRoutingHandler channelRead
INFO: Detected non-HTTP/2 connection.
 {"metadata":{"emulator":{"name":"firestore"},"message":"Nov 23, 2024 8:51:55 AM io.gapi.emulators.netty.HttpVersionRoutingHandler channelRead\nINFO: Detected non-HTTP/2 connection.\n"}}
[debug] [2024-11-23T01:52:05.425Z] Nov 23, 2024 8:52:05 AM io.gapi.emulators.netty.HttpVersionRoutingHandler channelRead
INFO: Detected non-HTTP/2 connection.
 {"metadata":{"emulator":{"name":"firestore"},"message":"Nov 23, 2024 8:52:05 AM io.gapi.emulators.netty.HttpVersionRoutingHandler channelRead\nINFO: Detected non-HTTP/2 connection.\n"}}
[debug] [2024-11-23T01:52:15.445Z] Nov 23, 2024 8:52:15 AM io.gapi.emulators.netty.HttpVersionRoutingHandler channelRead
INFO: Detected non-HTTP/2 connection.
 {"metadata":{"emulator":{"name":"firestore"},"message":"Nov 23, 2024 8:52:15 AM io.gapi.emulators.netty.HttpVersionRoutingHandler channelRead\nINFO: Detected non-HTTP/2 connection.\n"}}
[debug] [2024-11-23T01:52:25.465Z] Nov 23, 2024 8:52:25 AM io.gapi.emulators.netty.HttpVersionRoutingHandler channelRead
INFO: Detected non-HTTP/2 connection.
 {"metadata":{"emulator":{"name":"firestore"},"message":"Nov 23, 2024 8:52:25 AM io.gapi.emulators.netty.HttpVersionRoutingHandler channelRead\nINFO: Detected non-HTTP/2 connection.\n"}}
[debug] [2024-11-23T01:52:35.487Z] Nov 23, 2024 8:52:35 AM io.gapi.emulators.netty.HttpVersionRoutingHandler channelRead
INFO: Detected non-HTTP/2 connection.
 {"metadata":{"emulator":{"name":"firestore"},"message":"Nov 23, 2024 8:52:35 AM io.gapi.emulators.netty.HttpVersionRoutingHandler channelRead\nINFO: Detected non-HTTP/2 connection.\n"}}
[debug] [2024-11-23T01:52:45.510Z] Nov 23, 2024 8:52:45 AM io.gapi.emulators.netty.HttpVersionRoutingHandler channelRead
INFO: Detected non-HTTP/2 connection.
 {"metadata":{"emulator":{"name":"firestore"},"message":"Nov 23, 2024 8:52:45 AM io.gapi.emulators.netty.HttpVersionRoutingHandler channelRead\nINFO: Detected non-HTTP/2 connection.\n"}}
[debug] [2024-11-23T01:52:55.529Z] Nov 23, 2024 8:52:55 AM io.gapi.emulators.netty.HttpVersionRoutingHandler channelRead
INFO: Detected non-HTTP/2 connection.
 {"metadata":{"emulator":{"name":"firestore"},"message":"Nov 23, 2024 8:52:55 AM io.gapi.emulators.netty.HttpVersionRoutingHandler channelRead\nINFO: Detected non-HTTP/2 connection.\n"}}
[debug] [2024-11-23T01:53:05.548Z] Nov 23, 2024 8:53:05 AM io.gapi.emulators.netty.HttpVersionRoutingHandler channelRead
INFO: Detected non-HTTP/2 connection.
 {"metadata":{"emulator":{"name":"firestore"},"message":"Nov 23, 2024 8:53:05 AM io.gapi.emulators.netty.HttpVersionRoutingHandler channelRead\nINFO: Detected non-HTTP/2 connection.\n"}}
[debug] [2024-11-23T01:53:15.566Z] Nov 23, 2024 8:53:15 AM io.gapi.emulators.netty.HttpVersionRoutingHandler channelRead
INFO: Detected non-HTTP/2 connection.
 {"metadata":{"emulator":{"name":"firestore"},"message":"Nov 23, 2024 8:53:15 AM io.gapi.emulators.netty.HttpVersionRoutingHandler channelRead\nINFO: Detected non-HTTP/2 connection.\n"}}
[debug] [2024-11-23T01:53:25.585Z] Nov 23, 2024 8:53:25 AM io.gapi.emulators.netty.HttpVersionRoutingHandler channelRead
INFO: Detected non-HTTP/2 connection.
 {"metadata":{"emulator":{"name":"firestore"},"message":"Nov 23, 2024 8:53:25 AM io.gapi.emulators.netty.HttpVersionRoutingHandler channelRead\nINFO: Detected non-HTTP/2 connection.\n"}}
[debug] [2024-11-23T01:53:35.602Z] Nov 23, 2024 8:53:35 AM io.gapi.emulators.netty.HttpVersionRoutingHandler channelRead
INFO: Detected non-HTTP/2 connection.
 {"metadata":{"emulator":{"name":"firestore"},"message":"Nov 23, 2024 8:53:35 AM io.gapi.emulators.netty.HttpVersionRoutingHandler channelRead\nINFO: Detected non-HTTP/2 connection.\n"}}
[debug] [2024-11-23T01:53:45.621Z] Nov 23, 2024 8:53:45 AM io.gapi.emulators.netty.HttpVersionRoutingHandler channelRead
INFO: Detected non-HTTP/2 connection.
 {"metadata":{"emulator":{"name":"firestore"},"message":"Nov 23, 2024 8:53:45 AM io.gapi.emulators.netty.HttpVersionRoutingHandler channelRead\nINFO: Detected non-HTTP/2 connection.\n"}}
[debug] [2024-11-23T01:53:55.639Z] Nov 23, 2024 8:53:55 AM io.gapi.emulators.netty.HttpVersionRoutingHandler channelRead
INFO: Detected non-HTTP/2 connection.
 {"metadata":{"emulator":{"name":"firestore"},"message":"Nov 23, 2024 8:53:55 AM io.gapi.emulators.netty.HttpVersionRoutingHandler channelRead\nINFO: Detected non-HTTP/2 connection.\n"}}
[debug] [2024-11-23T01:54:05.656Z] Nov 23, 2024 8:54:05 AM io.gapi.emulators.netty.HttpVersionRoutingHandler channelRead
INFO: Detected non-HTTP/2 connection.
 {"metadata":{"emulator":{"name":"firestore"},"message":"Nov 23, 2024 8:54:05 AM io.gapi.emulators.netty.HttpVersionRoutingHandler channelRead\nINFO: Detected non-HTTP/2 connection.\n"}}
[debug] [2024-11-23T01:54:15.672Z] Nov 23, 2024 8:54:15 AM io.gapi.emulators.netty.HttpVersionRoutingHandler channelRead
INFO: Detected non-HTTP/2 connection.
 {"metadata":{"emulator":{"name":"firestore"},"message":"Nov 23, 2024 8:54:15 AM io.gapi.emulators.netty.HttpVersionRoutingHandler channelRead\nINFO: Detected non-HTTP/2 connection.\n"}}
[debug] [2024-11-23T01:54:25.002Z] Nov 23, 2024 8:54:24 AM io.gapi.emulators.netty.HttpVersionRoutingHandler channelRead
INFO: Detected non-HTTP/2 connection.
 {"metadata":{"emulator":{"name":"firestore"},"message":"Nov 23, 2024 8:54:24 AM io.gapi.emulators.netty.HttpVersionRoutingHandler channelRead\nINFO: Detected non-HTTP/2 connection.\n"}}
[debug] [2024-11-23T01:54:35.691Z] Nov 23, 2024 8:54:35 AM io.gapi.emulators.netty.HttpVersionRoutingHandler channelRead
INFO: Detected non-HTTP/2 connection.
 {"metadata":{"emulator":{"name":"firestore"},"message":"Nov 23, 2024 8:54:35 AM io.gapi.emulators.netty.HttpVersionRoutingHandler channelRead\nINFO: Detected non-HTTP/2 connection.\n"}}
[debug] [2024-11-23T01:54:45.708Z] Nov 23, 2024 8:54:45 AM io.gapi.emulators.netty.HttpVersionRoutingHandler channelRead
INFO: Detected non-HTTP/2 connection.
 {"metadata":{"emulator":{"name":"firestore"},"message":"Nov 23, 2024 8:54:45 AM io.gapi.emulators.netty.HttpVersionRoutingHandler channelRead\nINFO: Detected non-HTTP/2 connection.\n"}}
[debug] [2024-11-23T01:54:55.727Z] Nov 23, 2024 8:54:55 AM io.gapi.emulators.netty.HttpVersionRoutingHandler channelRead
INFO: Detected non-HTTP/2 connection.
 {"metadata":{"emulator":{"name":"firestore"},"message":"Nov 23, 2024 8:54:55 AM io.gapi.emulators.netty.HttpVersionRoutingHandler channelRead\nINFO: Detected non-HTTP/2 connection.\n"}}
[debug] [2024-11-23T01:55:01.791Z] Nov 23, 2024 8:55:01 AM io.gapi.emulators.netty.HttpVersionRoutingHandler channelRead
INFO: Detected non-HTTP/2 connection.
 {"metadata":{"emulator":{"name":"firestore"},"message":"Nov 23, 2024 8:55:01 AM io.gapi.emulators.netty.HttpVersionRoutingHandler channelRead\nINFO: Detected non-HTTP/2 connection.\n"}}
[debug] [2024-11-23T01:55:02.765Z] 08:55:02.765 [NamespaceSystem-akka.actor.default-dispatcher-8] INFO com.firebase.core.namespace.NamespaceActor - monorepo-48823 successfully activated FBKV (SurveyIdle(0)) wait: 86ms, init: 0ms
 {"metadata":{"emulator":{"name":"database"},"message":"08:55:02.765 [NamespaceSystem-akka.actor.default-dispatcher-8] INFO com.firebase.core.namespace.NamespaceActor - monorepo-48823 successfully activated FBKV (SurveyIdle(0)) wait: 86ms, init: 0ms\n"}}
[debug] [2024-11-23T01:55:08.574Z] Checked if tokens are valid: true, expires at: 1732328319336
[debug] [2024-11-23T01:55:08.578Z] Checked if tokens are valid: true, expires at: 1732328319336
[debug] [2024-11-23T01:55:08.580Z] >>> [apiv2][query] GET https://firebase.googleapis.com/v1beta1/projects/monorepo-48823/adminSdkConfig [none]
[debug] [2024-11-23T01:55:09.522Z] <<< [apiv2][status] GET https://firebase.googleapis.com/v1beta1/projects/monorepo-48823/adminSdkConfig 200
[debug] [2024-11-23T01:55:09.522Z] <<< [apiv2][body] GET https://firebase.googleapis.com/v1beta1/projects/monorepo-48823/adminSdkConfig {"projectId":"monorepo-48823","storageBucket":"monorepo-48823.firebasestorage.app"}
